<?xml version="1.0" encoding="UTF-8"?>
<!-- Generated by org.testng.reporters.JUnitXMLReporter -->
<testsuite ignored="0" hostname="IBM-7426FY3" failures="1" tests="2" name="SubmitOrdertest(failed)" time="14.875" errors="0" timestamp="2025-07-02T11:30:49 IST">
  <testcase classname="IBM.Selenium.Startingpage" name="submitOrder" time="6.116"/>
  <testcase classname="IBM.Selenium.Startingpage" name="orderHistory" time="1.133">
    <failure type="java.lang.AssertionError" message="expected [true] but found [false]">
      <![CDATA[java.lang.AssertionError: expected [true] but found [false]
at IBM.Selenium.Startingpage.orderHistory(Startingpage.java:47)
at java.base/java.util.ArrayList.forEach(ArrayList.java:1511)
at java.base/java.util.concurrent.FutureTask.run(FutureTask.java:264)
at java.base/java.util.concurrent.ThreadPoolExecutor.runWorker(ThreadPoolExecutor.java:1136)
at java.base/java.util.concurrent.ThreadPoolExecutor$Worker.run(ThreadPoolExecutor.java:635)
at java.base/java.lang.Thread.run(Thread.java:833)
... Removed 21 stack frames]]>
    </failure>
  </testcase> <!-- orderHistory -->
</testsuite> <!-- SubmitOrdertest(failed) -->
